2022-08-25 17:17:51 - WARN [org.hibernate.ejb.HibernatePersistence]  HHH015016: Encountered a deprecated javax.persistence.spi.PersistenceProvider [org.hibernate.ejb.HibernatePersistence]; use [org.hibernate.jpa.HibernatePersistenceProvider] instead.
2022-08-25 17:17:51 - WARN [org.hibernate.ejb.HibernatePersistence]  HHH015016: Encountered a deprecated javax.persistence.spi.PersistenceProvider [org.hibernate.ejb.HibernatePersistence]; use [org.hibernate.jpa.HibernatePersistenceProvider] instead.
2022-08-25 17:17:51 - WARN [org.hibernate.ejb.HibernatePersistence]  HHH015016: Encountered a deprecated javax.persistence.spi.PersistenceProvider [org.hibernate.ejb.HibernatePersistence]; use [org.hibernate.jpa.HibernatePersistenceProvider] instead.
2022-08-25 17:17:52 - INFO [org.hibernate.jpa.internal.util.LogHelper]  HHH000204: Processing PersistenceUnitInfo [
	name: mysql-jpa
	...]
2022-08-25 17:17:52 - INFO [org.hibernate.Version]  HHH000412: Hibernate Core {4.3.6.Final}
2022-08-25 17:17:52 - INFO [org.hibernate.cfg.Environment]  HHH000206: hibernate.properties not found
2022-08-25 17:17:52 - INFO [org.hibernate.cfg.Environment]  HHH000021: Bytecode provider name : javassist
2022-08-25 17:17:53 - INFO [org.hibernate.annotations.common.Version]  HCANN000001: Hibernate Commons Annotations {4.0.5.Final}
2022-08-25 17:17:53 - INFO [org.hibernate.engine.jdbc.connections.internal.ConnectionProviderInitiator]  HHH000130: Instantiating explicit connection provider: com.zaxxer.hikari.hibernate.HikariConnectionProvider
2022-08-25 17:17:53 - INFO [com.zaxxer.hikari.HikariDataSource]  HikariPool-1 - Starting...
2022-08-25 17:17:53 - INFO [com.zaxxer.hikari.HikariDataSource]  HikariPool-1 - Start completed.
2022-08-25 17:17:53 - INFO [org.hibernate.dialect.Dialect]  HHH000400: Using dialect: org.hibernate.dialect.MySQL5Dialect
2022-08-25 17:17:53 - INFO [org.hibernate.hql.internal.ast.ASTQueryTranslatorFactory]  HHH000397: Using ASTQueryTranslatorFactory
2022-08-25 17:17:54 - INFO [org.quartz.impl.StdSchedulerFactory]  Using default implementation for ThreadExecutor
2022-08-25 17:17:54 - INFO [org.quartz.simpl.SimpleThreadPool]  Job execution threads will use class loader of thread: Thread-0
2022-08-25 17:17:54 - INFO [org.quartz.core.SchedulerSignalerImpl]  Initialized Scheduler Signaller of type: class org.quartz.core.SchedulerSignalerImpl
2022-08-25 17:17:54 - INFO [org.quartz.core.QuartzScheduler]  Quartz Scheduler v.2.3.0 created.
2022-08-25 17:17:54 - INFO [org.quartz.simpl.RAMJobStore]  RAMJobStore initialized.
2022-08-25 17:17:54 - INFO [org.quartz.core.QuartzScheduler]  Scheduler meta-data: Quartz Scheduler (v2.3.0) 'DefaultQuartzScheduler' with instanceId 'NON_CLUSTERED'
  Scheduler class: 'org.quartz.core.QuartzScheduler' - running locally.
  NOT STARTED.
  Currently in standby mode.
  Number of jobs executed: 0
  Using thread pool 'org.quartz.simpl.SimpleThreadPool' - with 10 threads.
  Using job-store 'org.quartz.simpl.RAMJobStore' - which does not support persistence. and is not clustered.

2022-08-25 17:17:54 - INFO [org.quartz.impl.StdSchedulerFactory]  Quartz scheduler 'DefaultQuartzScheduler' initialized from default resource file in Quartz package: 'quartz.properties'
2022-08-25 17:17:54 - INFO [org.quartz.impl.StdSchedulerFactory]  Quartz scheduler version: 2.3.0
2022-08-25 17:17:54 - INFO [org.quartz.core.QuartzScheduler]  Scheduler DefaultQuartzScheduler_$_NON_CLUSTERED started.
2022-08-25 17:18:48 - WARN [org.hibernate.ejb.HibernatePersistence]  HHH015016: Encountered a deprecated javax.persistence.spi.PersistenceProvider [org.hibernate.ejb.HibernatePersistence]; use [org.hibernate.jpa.HibernatePersistenceProvider] instead.
2022-08-25 17:18:48 - WARN [org.hibernate.ejb.HibernatePersistence]  HHH015016: Encountered a deprecated javax.persistence.spi.PersistenceProvider [org.hibernate.ejb.HibernatePersistence]; use [org.hibernate.jpa.HibernatePersistenceProvider] instead.
2022-08-25 17:18:48 - WARN [org.hibernate.ejb.HibernatePersistence]  HHH015016: Encountered a deprecated javax.persistence.spi.PersistenceProvider [org.hibernate.ejb.HibernatePersistence]; use [org.hibernate.jpa.HibernatePersistenceProvider] instead.
2022-08-25 17:18:48 - INFO [org.hibernate.jpa.internal.util.LogHelper]  HHH000204: Processing PersistenceUnitInfo [
	name: mysql-jpa
	...]
2022-08-25 17:18:48 - INFO [org.hibernate.Version]  HHH000412: Hibernate Core {4.3.6.Final}
2022-08-25 17:18:48 - INFO [org.hibernate.cfg.Environment]  HHH000206: hibernate.properties not found
2022-08-25 17:18:48 - INFO [org.hibernate.cfg.Environment]  HHH000021: Bytecode provider name : javassist
2022-08-25 17:18:49 - INFO [org.hibernate.annotations.common.Version]  HCANN000001: Hibernate Commons Annotations {4.0.5.Final}
2022-08-25 17:18:49 - INFO [org.hibernate.engine.jdbc.connections.internal.ConnectionProviderInitiator]  HHH000130: Instantiating explicit connection provider: com.zaxxer.hikari.hibernate.HikariConnectionProvider
2022-08-25 17:18:49 - INFO [com.zaxxer.hikari.HikariDataSource]  HikariPool-1 - Starting...
2022-08-25 17:18:50 - INFO [com.zaxxer.hikari.HikariDataSource]  HikariPool-1 - Start completed.
2022-08-25 17:18:50 - INFO [org.hibernate.dialect.Dialect]  HHH000400: Using dialect: org.hibernate.dialect.MySQL5Dialect
2022-08-25 17:18:50 - INFO [org.hibernate.hql.internal.ast.ASTQueryTranslatorFactory]  HHH000397: Using ASTQueryTranslatorFactory
2022-08-25 17:18:51 - INFO [org.quartz.impl.StdSchedulerFactory]  Using default implementation for ThreadExecutor
2022-08-25 17:18:51 - INFO [org.quartz.simpl.SimpleThreadPool]  Job execution threads will use class loader of thread: Thread-0
2022-08-25 17:18:51 - INFO [org.quartz.core.SchedulerSignalerImpl]  Initialized Scheduler Signaller of type: class org.quartz.core.SchedulerSignalerImpl
2022-08-25 17:18:51 - INFO [org.quartz.core.QuartzScheduler]  Quartz Scheduler v.2.3.0 created.
2022-08-25 17:18:51 - INFO [org.quartz.simpl.RAMJobStore]  RAMJobStore initialized.
2022-08-25 17:18:51 - INFO [org.quartz.core.QuartzScheduler]  Scheduler meta-data: Quartz Scheduler (v2.3.0) 'DefaultQuartzScheduler' with instanceId 'NON_CLUSTERED'
  Scheduler class: 'org.quartz.core.QuartzScheduler' - running locally.
  NOT STARTED.
  Currently in standby mode.
  Number of jobs executed: 0
  Using thread pool 'org.quartz.simpl.SimpleThreadPool' - with 10 threads.
  Using job-store 'org.quartz.simpl.RAMJobStore' - which does not support persistence. and is not clustered.

2022-08-25 17:18:51 - INFO [org.quartz.impl.StdSchedulerFactory]  Quartz scheduler 'DefaultQuartzScheduler' initialized from default resource file in Quartz package: 'quartz.properties'
2022-08-25 17:18:51 - INFO [org.quartz.impl.StdSchedulerFactory]  Quartz scheduler version: 2.3.0
2022-08-25 17:18:51 - INFO [org.quartz.core.QuartzScheduler]  Scheduler DefaultQuartzScheduler_$_NON_CLUSTERED started.
